{"/Users/minen/rss/src/App.tsx": {"path":"/Users/minen/rss/src/App.tsx","all":true,"statementMap":{"0":{"start":{"line":1,"column":0},"end":{"line":1,"column":19}},"1":{"start":{"line":2,"column":0},"end":{"line":2,"column":60}},"2":{"start":{"line":3,"column":0},"end":{"line":3,"column":60}},"3":{"start":{"line":4,"column":0},"end":{"line":4,"column":66}},"4":{"start":{"line":5,"column":0},"end":{"line":5,"column":69}},"5":{"start":{"line":6,"column":0},"end":{"line":6,"column":62}},"7":{"start":{"line":8,"column":0},"end":{"line":8,"column":16}},"8":{"start":{"line":9,"column":0},"end":{"line":9,"column":10}},"9":{"start":{"line":10,"column":0},"end":{"line":10,"column":19}},"10":{"start":{"line":11,"column":0},"end":{"line":11,"column":21}},"11":{"start":{"line":12,"column":0},"end":{"line":12,"column":16}},"12":{"start":{"line":13,"column":0},"end":{"line":13,"column":60}},"13":{"start":{"line":14,"column":0},"end":{"line":14,"column":68}},"14":{"start":{"line":15,"column":0},"end":{"line":15,"column":18}},"15":{"start":{"line":16,"column":0},"end":{"line":16,"column":55}},"16":{"start":{"line":17,"column":0},"end":{"line":17,"column":17}},"17":{"start":{"line":18,"column":0},"end":{"line":18,"column":22}},"18":{"start":{"line":19,"column":0},"end":{"line":19,"column":20}},"20":{"start":{"line":21,"column":0},"end":{"line":21,"column":1}},"22":{"start":{"line":23,"column":0},"end":{"line":23,"column":19}}},"s":{"0":0,"1":0,"2":0,"3":0,"4":0,"5":0,"7":0,"8":0,"9":0,"10":0,"11":0,"12":0,"13":0,"14":0,"15":0,"16":0,"17":0,"18":0,"20":0,"22":0},"branchMap":{"0":{"type":"branch","line":1,"loc":{"start":{"line":1,"column":474},"end":{"line":23,"column":-364}},"locations":[{"start":{"line":1,"column":474},"end":{"line":23,"column":-364}}]}},"b":{"0":[0]},"fnMap":{"0":{"name":"(empty-report)","decl":{"start":{"line":1,"column":474},"end":{"line":23,"column":-364}},"loc":{"start":{"line":1,"column":474},"end":{"line":23,"column":-364}},"line":1}},"f":{"0":0}}
,"/Users/minen/rss/src/main.tsx": {"path":"/Users/minen/rss/src/main.tsx","all":true,"statementMap":{"0":{"start":{"line":1,"column":0},"end":{"line":1,"column":46}},"1":{"start":{"line":2,"column":0},"end":{"line":2,"column":21}},"2":{"start":{"line":3,"column":0},"end":{"line":3,"column":28}},"5":{"start":{"line":6,"column":0},"end":{"line":6,"column":61}}},"s":{"0":0,"1":0,"2":0,"5":0},"branchMap":{"0":{"type":"branch","line":1,"loc":{"start":{"line":1,"column":220},"end":{"line":6,"column":-100}},"locations":[{"start":{"line":1,"column":220},"end":{"line":6,"column":-100}}]}},"b":{"0":[0]},"fnMap":{"0":{"name":"(empty-report)","decl":{"start":{"line":1,"column":220},"end":{"line":6,"column":-100}},"loc":{"start":{"line":1,"column":220},"end":{"line":6,"column":-100}},"line":1}},"f":{"0":0}}
,"/Users/minen/rss/src/components/Header/Header.tsx": {"path":"/Users/minen/rss/src/components/Header/Header.tsx","all":false,"statementMap":{"0":{"start":{"line":1,"column":0},"end":{"line":1,"column":40}},"1":{"start":{"line":2,"column":0},"end":{"line":2,"column":42}},"4":{"start":{"line":5,"column":0},"end":{"line":5,"column":40}},"5":{"start":{"line":6,"column":0},"end":{"line":6,"column":14}},"6":{"start":{"line":7,"column":0},"end":{"line":7,"column":17}},"7":{"start":{"line":8,"column":0},"end":{"line":8,"column":17}},"8":{"start":{"line":9,"column":0},"end":{"line":9,"column":20}},"9":{"start":{"line":10,"column":0},"end":{"line":10,"column":10}},"10":{"start":{"line":11,"column":0},"end":{"line":11,"column":28}},"11":{"start":{"line":12,"column":0},"end":{"line":12,"column":67}},"12":{"start":{"line":13,"column":0},"end":{"line":13,"column":47}},"13":{"start":{"line":14,"column":0},"end":{"line":14,"column":10}},"15":{"start":{"line":16,"column":0},"end":{"line":16,"column":2}},"17":{"start":{"line":18,"column":0},"end":{"line":18,"column":22}}},"s":{"0":1,"1":1,"4":1,"5":11,"6":11,"7":11,"8":11,"9":11,"10":11,"11":11,"12":11,"13":11,"15":11,"17":1},"branchMap":{"0":{"type":"branch","line":5,"loc":{"start":{"line":5,"column":38},"end":{"line":16,"column":2}},"locations":[{"start":{"line":5,"column":38},"end":{"line":16,"column":2}}]}},"b":{"0":[11]},"fnMap":{"0":{"name":"Header","decl":{"start":{"line":5,"column":38},"end":{"line":16,"column":2}},"loc":{"start":{"line":5,"column":38},"end":{"line":16,"column":2}},"line":5}},"f":{"0":11}}
,"/Users/minen/rss/src/components/Header/SearchButton.tsx": {"path":"/Users/minen/rss/src/components/Header/SearchButton.tsx","all":false,"statementMap":{"2":{"start":{"line":3,"column":0},"end":{"line":3,"column":52}},"3":{"start":{"line":4,"column":0},"end":{"line":4,"column":10}},"4":{"start":{"line":5,"column":0},"end":{"line":5,"column":26}},"5":{"start":{"line":6,"column":0},"end":{"line":6,"column":52}},"6":{"start":{"line":7,"column":0},"end":{"line":7,"column":2}},"8":{"start":{"line":9,"column":0},"end":{"line":9,"column":28}}},"s":{"2":1,"3":11,"4":11,"5":11,"6":11,"8":1},"branchMap":{"0":{"type":"branch","line":3,"loc":{"start":{"line":3,"column":50},"end":{"line":7,"column":2}},"locations":[{"start":{"line":3,"column":50},"end":{"line":7,"column":2}}]}},"b":{"0":[11]},"fnMap":{"0":{"name":"SearchButton","decl":{"start":{"line":3,"column":50},"end":{"line":7,"column":2}},"loc":{"start":{"line":3,"column":50},"end":{"line":7,"column":2}},"line":3}},"f":{"0":11}}
,"/Users/minen/rss/src/components/Header/SearchInput.tsx": {"path":"/Users/minen/rss/src/components/Header/SearchInput.tsx","all":false,"statementMap":{"2":{"start":{"line":3,"column":0},"end":{"line":3,"column":50}},"3":{"start":{"line":4,"column":0},"end":{"line":4,"column":8}},"4":{"start":{"line":5,"column":0},"end":{"line":5,"column":11}},"5":{"start":{"line":6,"column":0},"end":{"line":6,"column":25}},"6":{"start":{"line":7,"column":0},"end":{"line":7,"column":10}},"7":{"start":{"line":8,"column":0},"end":{"line":8,"column":10}},"8":{"start":{"line":9,"column":0},"end":{"line":9,"column":30}},"9":{"start":{"line":10,"column":0},"end":{"line":10,"column":17}},"10":{"start":{"line":11,"column":0},"end":{"line":11,"column":19}},"11":{"start":{"line":12,"column":0},"end":{"line":12,"column":25}},"12":{"start":{"line":13,"column":0},"end":{"line":13,"column":29}},"13":{"start":{"line":14,"column":0},"end":{"line":14,"column":6}},"15":{"start":{"line":16,"column":0},"end":{"line":16,"column":2}},"17":{"start":{"line":18,"column":0},"end":{"line":18,"column":27}}},"s":{"2":1,"3":11,"4":11,"5":11,"6":11,"7":11,"8":11,"9":11,"10":11,"11":11,"12":11,"13":11,"15":11,"17":1},"branchMap":{"0":{"type":"branch","line":3,"loc":{"start":{"line":3,"column":48},"end":{"line":16,"column":2}},"locations":[{"start":{"line":3,"column":48},"end":{"line":16,"column":2}}]}},"b":{"0":[11]},"fnMap":{"0":{"name":"SearchInput","decl":{"start":{"line":3,"column":48},"end":{"line":16,"column":2}},"loc":{"start":{"line":3,"column":48},"end":{"line":16,"column":2}},"line":3}},"f":{"0":11}}
,"/Users/minen/rss/src/components/Main/CardItem.tsx": {"path":"/Users/minen/rss/src/components/Main/CardItem.tsx","all":false,"statementMap":{"1":{"start":{"line":2,"column":0},"end":{"line":2,"column":56}},"3":{"start":{"line":4,"column":0},"end":{"line":4,"column":35}},"4":{"start":{"line":5,"column":0},"end":{"line":5,"column":6}},"5":{"start":{"line":6,"column":0},"end":{"line":6,"column":7}},"6":{"start":{"line":7,"column":0},"end":{"line":7,"column":9}},"7":{"start":{"line":8,"column":0},"end":{"line":8,"column":9}},"8":{"start":{"line":9,"column":0},"end":{"line":9,"column":7}},"9":{"start":{"line":10,"column":0},"end":{"line":10,"column":13}},"10":{"start":{"line":11,"column":0},"end":{"line":11,"column":33}},"11":{"start":{"line":12,"column":0},"end":{"line":12,"column":33}},"12":{"start":{"line":13,"column":0},"end":{"line":13,"column":55}},"13":{"start":{"line":14,"column":0},"end":{"line":14,"column":45}},"15":{"start":{"line":16,"column":0},"end":{"line":16,"column":29}},"16":{"start":{"line":17,"column":0},"end":{"line":17,"column":27}},"17":{"start":{"line":18,"column":0},"end":{"line":18,"column":47}},"18":{"start":{"line":19,"column":0},"end":{"line":19,"column":12}},"19":{"start":{"line":20,"column":0},"end":{"line":20,"column":61}},"20":{"start":{"line":21,"column":0},"end":{"line":21,"column":5}},"21":{"start":{"line":22,"column":0},"end":{"line":22,"column":4}},"23":{"start":{"line":24,"column":0},"end":{"line":24,"column":10}},"24":{"start":{"line":25,"column":0},"end":{"line":25,"column":54}},"25":{"start":{"line":26,"column":0},"end":{"line":26,"column":45}},"26":{"start":{"line":27,"column":0},"end":{"line":27,"column":55}},"27":{"start":{"line":28,"column":0},"end":{"line":28,"column":58}},"28":{"start":{"line":29,"column":0},"end":{"line":29,"column":54}},"29":{"start":{"line":30,"column":0},"end":{"line":30,"column":10}},"31":{"start":{"line":32,"column":0},"end":{"line":32,"column":2}},"33":{"start":{"line":34,"column":0},"end":{"line":34,"column":24}}},"s":{"1":1,"3":1,"4":4,"5":4,"6":4,"7":4,"8":4,"9":4,"10":4,"11":4,"12":4,"13":4,"15":4,"16":0,"17":0,"18":0,"19":0,"20":0,"21":0,"23":4,"24":4,"25":4,"26":4,"27":4,"28":4,"29":4,"31":4,"33":1},"branchMap":{"0":{"type":"branch","line":4,"loc":{"start":{"line":4,"column":33},"end":{"line":32,"column":2}},"locations":[{"start":{"line":4,"column":33},"end":{"line":32,"column":2}}]}},"b":{"0":[4]},"fnMap":{"0":{"name":"CardItem","decl":{"start":{"line":4,"column":33},"end":{"line":32,"column":2}},"loc":{"start":{"line":4,"column":33},"end":{"line":32,"column":2}},"line":4},"1":{"name":"handleClick","decl":{"start":{"line":16,"column":22},"end":{"line":22,"column":4}},"loc":{"start":{"line":16,"column":22},"end":{"line":22,"column":4}},"line":16}},"f":{"0":4,"1":0}}
,"/Users/minen/rss/src/components/Main/CardList.tsx": {"path":"/Users/minen/rss/src/components/Main/CardList.tsx","all":false,"statementMap":{"0":{"start":{"line":1,"column":0},"end":{"line":1,"column":34}},"3":{"start":{"line":4,"column":0},"end":{"line":4,"column":75}},"4":{"start":{"line":5,"column":0},"end":{"line":5,"column":29}},"5":{"start":{"line":6,"column":0},"end":{"line":6,"column":62}},"6":{"start":{"line":7,"column":0},"end":{"line":7,"column":3}},"7":{"start":{"line":8,"column":0},"end":{"line":8,"column":10}},"8":{"start":{"line":9,"column":0},"end":{"line":9,"column":31}},"9":{"start":{"line":10,"column":0},"end":{"line":10,"column":38}},"10":{"start":{"line":11,"column":0},"end":{"line":11,"column":50}},"11":{"start":{"line":12,"column":0},"end":{"line":12,"column":9}},"12":{"start":{"line":13,"column":0},"end":{"line":13,"column":10}},"14":{"start":{"line":15,"column":0},"end":{"line":15,"column":2}},"16":{"start":{"line":17,"column":0},"end":{"line":17,"column":24}}},"s":{"0":1,"3":1,"4":6,"5":4,"6":4,"7":2,"8":2,"9":2,"10":3,"11":2,"12":2,"14":2,"16":1},"branchMap":{"0":{"type":"branch","line":4,"loc":{"start":{"line":4,"column":42},"end":{"line":15,"column":2}},"locations":[{"start":{"line":4,"column":42},"end":{"line":15,"column":2}}]},"1":{"type":"branch","line":5,"loc":{"start":{"line":5,"column":28},"end":{"line":15,"column":2}},"locations":[{"start":{"line":5,"column":28},"end":{"line":15,"column":2}}]},"2":{"type":"branch","line":5,"loc":{"start":{"line":5,"column":28},"end":{"line":7,"column":3}},"locations":[{"start":{"line":5,"column":28},"end":{"line":7,"column":3}}]},"3":{"type":"branch","line":7,"loc":{"start":{"line":7,"column":2},"end":{"line":15,"column":2}},"locations":[{"start":{"line":7,"column":2},"end":{"line":15,"column":2}}]},"4":{"type":"branch","line":10,"loc":{"start":{"line":10,"column":19},"end":{"line":11,"column":50}},"locations":[{"start":{"line":10,"column":19},"end":{"line":11,"column":50}}]}},"b":{"0":[6],"1":[5],"2":[4],"3":[2],"4":[3]},"fnMap":{"0":{"name":"CardList","decl":{"start":{"line":4,"column":42},"end":{"line":15,"column":2}},"loc":{"start":{"line":4,"column":42},"end":{"line":15,"column":2}},"line":4}},"f":{"0":6}}
,"/Users/minen/rss/src/components/NotFoundPage/NotFoundPage.tsx": {"path":"/Users/minen/rss/src/components/NotFoundPage/NotFoundPage.tsx","all":false,"statementMap":{"2":{"start":{"line":3,"column":0},"end":{"line":3,"column":38}},"3":{"start":{"line":4,"column":0},"end":{"line":4,"column":35}},"4":{"start":{"line":5,"column":0},"end":{"line":5,"column":2}},"6":{"start":{"line":7,"column":0},"end":{"line":7,"column":28}}},"s":{"2":1,"3":1,"4":1,"6":1},"branchMap":{"0":{"type":"branch","line":3,"loc":{"start":{"line":3,"column":31},"end":{"line":5,"column":2}},"locations":[{"start":{"line":3,"column":31},"end":{"line":5,"column":2}}]}},"b":{"0":[1]},"fnMap":{"0":{"name":"NotFoundPage","decl":{"start":{"line":3,"column":31},"end":{"line":5,"column":2}},"loc":{"start":{"line":3,"column":31},"end":{"line":5,"column":2}},"line":3}},"f":{"0":1}}
,"/Users/minen/rss/src/components/Pagination/Pagintaion.tsx": {"path":"/Users/minen/rss/src/components/Pagination/Pagintaion.tsx","all":false,"statementMap":{"8":{"start":{"line":9,"column":0},"end":{"line":9,"column":48}},"9":{"start":{"line":10,"column":0},"end":{"line":10,"column":13}},"10":{"start":{"line":11,"column":0},"end":{"line":11,"column":15}},"11":{"start":{"line":12,"column":0},"end":{"line":12,"column":14}},"12":{"start":{"line":13,"column":0},"end":{"line":13,"column":19}},"13":{"start":{"line":14,"column":0},"end":{"line":14,"column":24}},"14":{"start":{"line":15,"column":0},"end":{"line":15,"column":19}},"16":{"start":{"line":17,"column":0},"end":{"line":17,"column":67}},"17":{"start":{"line":18,"column":0},"end":{"line":18,"column":18}},"18":{"start":{"line":19,"column":0},"end":{"line":19,"column":3}},"20":{"start":{"line":21,"column":0},"end":{"line":21,"column":10}},"21":{"start":{"line":22,"column":0},"end":{"line":22,"column":32}},"22":{"start":{"line":23,"column":0},"end":{"line":23,"column":13}},"23":{"start":{"line":24,"column":0},"end":{"line":24,"column":57}},"24":{"start":{"line":25,"column":0},"end":{"line":25,"column":36}},"25":{"start":{"line":26,"column":0},"end":{"line":26,"column":55}},"27":{"start":{"line":28,"column":0},"end":{"line":28,"column":13}},"28":{"start":{"line":29,"column":0},"end":{"line":29,"column":15}},"29":{"start":{"line":30,"column":0},"end":{"line":30,"column":35}},"30":{"start":{"line":31,"column":0},"end":{"line":31,"column":16}},"31":{"start":{"line":32,"column":0},"end":{"line":32,"column":17}},"32":{"start":{"line":33,"column":0},"end":{"line":33,"column":23}},"33":{"start":{"line":34,"column":0},"end":{"line":34,"column":50}},"34":{"start":{"line":35,"column":0},"end":{"line":35,"column":60}},"36":{"start":{"line":37,"column":0},"end":{"line":37,"column":18}},"37":{"start":{"line":38,"column":0},"end":{"line":38,"column":19}},"39":{"start":{"line":40,"column":0},"end":{"line":40,"column":9}},"40":{"start":{"line":41,"column":0},"end":{"line":41,"column":13}},"41":{"start":{"line":42,"column":0},"end":{"line":42,"column":57}},"42":{"start":{"line":43,"column":0},"end":{"line":43,"column":47}},"43":{"start":{"line":44,"column":0},"end":{"line":44,"column":19}},"44":{"start":{"line":45,"column":0},"end":{"line":45,"column":78}},"47":{"start":{"line":48,"column":0},"end":{"line":48,"column":13}},"48":{"start":{"line":49,"column":0},"end":{"line":49,"column":15}},"49":{"start":{"line":50,"column":0},"end":{"line":50,"column":10}},"51":{"start":{"line":52,"column":0},"end":{"line":52,"column":2}},"53":{"start":{"line":54,"column":0},"end":{"line":54,"column":26}}},"s":{"8":1,"9":12,"10":12,"11":12,"12":12,"13":12,"14":12,"16":12,"17":36,"18":36,"20":12,"21":12,"22":12,"23":12,"24":12,"25":12,"27":12,"28":12,"29":12,"30":36,"31":36,"32":36,"33":36,"34":36,"36":36,"37":36,"39":12,"40":12,"41":12,"42":12,"43":12,"44":12,"47":12,"48":12,"49":12,"51":12,"53":1},"branchMap":{"0":{"type":"branch","line":9,"loc":{"start":{"line":9,"column":46},"end":{"line":52,"column":2}},"locations":[{"start":{"line":9,"column":46},"end":{"line":52,"column":2}}]},"1":{"type":"branch","line":17,"loc":{"start":{"line":17,"column":66},"end":{"line":19,"column":3}},"locations":[{"start":{"line":17,"column":66},"end":{"line":19,"column":3}}]},"2":{"type":"branch","line":26,"loc":{"start":{"line":26,"column":35},"end":{"line":26,"column":52}},"locations":[{"start":{"line":26,"column":35},"end":{"line":26,"column":52}}]},"3":{"type":"branch","line":26,"loc":{"start":{"line":26,"column":39},"end":{"line":26,"column":55}},"locations":[{"start":{"line":26,"column":39},"end":{"line":26,"column":55}}]},"4":{"type":"branch","line":45,"loc":{"start":{"line":45,"column":32},"end":{"line":45,"column":63}},"locations":[{"start":{"line":45,"column":32},"end":{"line":45,"column":63}}]},"5":{"type":"branch","line":45,"loc":{"start":{"line":45,"column":59},"end":{"line":45,"column":76}},"locations":[{"start":{"line":45,"column":59},"end":{"line":45,"column":76}}]},"6":{"type":"branch","line":45,"loc":{"start":{"line":45,"column":63},"end":{"line":45,"column":78}},"locations":[{"start":{"line":45,"column":63},"end":{"line":45,"column":78}}]},"7":{"type":"branch","line":24,"loc":{"start":{"line":24,"column":17},"end":{"line":24,"column":57}},"locations":[{"start":{"line":24,"column":17},"end":{"line":24,"column":57}}]},"8":{"type":"branch","line":30,"loc":{"start":{"line":30,"column":17},"end":{"line":40,"column":7}},"locations":[{"start":{"line":30,"column":17},"end":{"line":40,"column":7}}]},"9":{"type":"branch","line":35,"loc":{"start":{"line":35,"column":39},"end":{"line":35,"column":57}},"locations":[{"start":{"line":35,"column":39},"end":{"line":35,"column":57}}]},"10":{"type":"branch","line":35,"loc":{"start":{"line":35,"column":46},"end":{"line":35,"column":60}},"locations":[{"start":{"line":35,"column":46},"end":{"line":35,"column":60}}]},"11":{"type":"branch","line":34,"loc":{"start":{"line":34,"column":21},"end":{"line":34,"column":50}},"locations":[{"start":{"line":34,"column":21},"end":{"line":34,"column":50}}]},"12":{"type":"branch","line":42,"loc":{"start":{"line":42,"column":17},"end":{"line":42,"column":57}},"locations":[{"start":{"line":42,"column":17},"end":{"line":42,"column":57}}]}},"b":{"0":[12],"1":[36],"2":[10],"3":[2],"4":[10],"5":[6],"6":[6],"7":[1],"8":[36],"9":[8],"10":[28],"11":[2],"12":[1]},"fnMap":{"0":{"name":"Pagintaion","decl":{"start":{"line":9,"column":46},"end":{"line":52,"column":2}},"loc":{"start":{"line":9,"column":46},"end":{"line":52,"column":2}},"line":9},"1":{"name":"onClick","decl":{"start":{"line":24,"column":17},"end":{"line":24,"column":57}},"loc":{"start":{"line":24,"column":17},"end":{"line":24,"column":57}},"line":24},"2":{"name":"onClick","decl":{"start":{"line":34,"column":21},"end":{"line":34,"column":50}},"loc":{"start":{"line":34,"column":21},"end":{"line":34,"column":50}},"line":34},"3":{"name":"onClick","decl":{"start":{"line":42,"column":17},"end":{"line":42,"column":57}},"loc":{"start":{"line":42,"column":17},"end":{"line":42,"column":57}},"line":42}},"f":{"0":12,"1":1,"2":2,"3":1}}
,"/Users/minen/rss/src/components/ProfileDetail/ProfileDetail.tsx": {"path":"/Users/minen/rss/src/components/ProfileDetail/ProfileDetail.tsx","all":false,"statementMap":{"0":{"start":{"line":1,"column":0},"end":{"line":1,"column":44}},"1":{"start":{"line":2,"column":0},"end":{"line":2,"column":67}},"2":{"start":{"line":3,"column":0},"end":{"line":3,"column":47}},"15":{"start":{"line":16,"column":0},"end":{"line":16,"column":41}},"16":{"start":{"line":17,"column":0},"end":{"line":17,"column":45}},"17":{"start":{"line":18,"column":0},"end":{"line":18,"column":33}},"18":{"start":{"line":19,"column":0},"end":{"line":19,"column":33}},"19":{"start":{"line":20,"column":0},"end":{"line":20,"column":70}},"20":{"start":{"line":21,"column":0},"end":{"line":21,"column":58}},"21":{"start":{"line":22,"column":0},"end":{"line":22,"column":61}},"23":{"start":{"line":24,"column":0},"end":{"line":24,"column":19}},"24":{"start":{"line":25,"column":0},"end":{"line":25,"column":35}},"25":{"start":{"line":26,"column":0},"end":{"line":26,"column":25}},"26":{"start":{"line":27,"column":0},"end":{"line":27,"column":11}},"27":{"start":{"line":28,"column":0},"end":{"line":28,"column":75}},"29":{"start":{"line":30,"column":0},"end":{"line":30,"column":27}},"30":{"start":{"line":31,"column":0},"end":{"line":31,"column":53}},"31":{"start":{"line":32,"column":0},"end":{"line":32,"column":9}},"33":{"start":{"line":34,"column":0},"end":{"line":34,"column":43}},"34":{"start":{"line":35,"column":0},"end":{"line":35,"column":45}},"35":{"start":{"line":36,"column":0},"end":{"line":36,"column":26}},"36":{"start":{"line":37,"column":0},"end":{"line":37,"column":30}},"37":{"start":{"line":38,"column":0},"end":{"line":38,"column":26}},"38":{"start":{"line":39,"column":0},"end":{"line":39,"column":37}},"39":{"start":{"line":40,"column":0},"end":{"line":40,"column":37}},"40":{"start":{"line":41,"column":0},"end":{"line":41,"column":35}},"41":{"start":{"line":42,"column":0},"end":{"line":42,"column":37}},"42":{"start":{"line":43,"column":0},"end":{"line":43,"column":30}},"43":{"start":{"line":44,"column":0},"end":{"line":44,"column":10}},"44":{"start":{"line":45,"column":0},"end":{"line":45,"column":26}},"45":{"start":{"line":46,"column":0},"end":{"line":46,"column":32}},"46":{"start":{"line":47,"column":0},"end":{"line":47,"column":19}},"47":{"start":{"line":48,"column":0},"end":{"line":48,"column":39}},"48":{"start":{"line":49,"column":0},"end":{"line":49,"column":25}},"49":{"start":{"line":50,"column":0},"end":{"line":50,"column":17}},"50":{"start":{"line":51,"column":0},"end":{"line":51,"column":28}},"51":{"start":{"line":52,"column":0},"end":{"line":52,"column":7}},"52":{"start":{"line":53,"column":0},"end":{"line":53,"column":6}},"54":{"start":{"line":55,"column":0},"end":{"line":55,"column":13}},"55":{"start":{"line":56,"column":0},"end":{"line":56,"column":18}},"56":{"start":{"line":57,"column":0},"end":{"line":57,"column":5}},"57":{"start":{"line":58,"column":0},"end":{"line":58,"column":11}},"59":{"start":{"line":60,"column":0},"end":{"line":60,"column":29}},"60":{"start":{"line":61,"column":0},"end":{"line":61,"column":62}},"61":{"start":{"line":62,"column":0},"end":{"line":62,"column":54}},"62":{"start":{"line":63,"column":0},"end":{"line":63,"column":4}},"64":{"start":{"line":65,"column":0},"end":{"line":65,"column":14}},"65":{"start":{"line":66,"column":0},"end":{"line":66,"column":37}},"66":{"start":{"line":67,"column":0},"end":{"line":67,"column":3}},"68":{"start":{"line":69,"column":0},"end":{"line":69,"column":18}},"69":{"start":{"line":70,"column":0},"end":{"line":70,"column":12}},"70":{"start":{"line":71,"column":0},"end":{"line":71,"column":31}},"71":{"start":{"line":72,"column":0},"end":{"line":72,"column":69}},"72":{"start":{"line":73,"column":0},"end":{"line":73,"column":12}},"74":{"start":{"line":75,"column":0},"end":{"line":75,"column":3}},"75":{"start":{"line":76,"column":0},"end":{"line":76,"column":17}},"76":{"start":{"line":77,"column":0},"end":{"line":77,"column":33}},"77":{"start":{"line":78,"column":0},"end":{"line":78,"column":3}},"79":{"start":{"line":80,"column":0},"end":{"line":80,"column":10}},"80":{"start":{"line":81,"column":0},"end":{"line":81,"column":29}},"81":{"start":{"line":82,"column":0},"end":{"line":82,"column":37}},"82":{"start":{"line":83,"column":0},"end":{"line":83,"column":41}},"83":{"start":{"line":84,"column":0},"end":{"line":84,"column":37}},"84":{"start":{"line":85,"column":0},"end":{"line":85,"column":48}},"85":{"start":{"line":86,"column":0},"end":{"line":86,"column":48}},"86":{"start":{"line":87,"column":0},"end":{"line":87,"column":46}},"87":{"start":{"line":88,"column":0},"end":{"line":88,"column":48}},"88":{"start":{"line":89,"column":0},"end":{"line":89,"column":41}},"89":{"start":{"line":90,"column":0},"end":{"line":90,"column":74}},"91":{"start":{"line":92,"column":0},"end":{"line":92,"column":15}},"92":{"start":{"line":93,"column":0},"end":{"line":93,"column":10}},"94":{"start":{"line":95,"column":0},"end":{"line":95,"column":1}}},"s":{"0":1,"1":1,"2":1,"15":12,"16":12,"17":12,"18":12,"19":12,"20":12,"21":12,"23":12,"24":4,"25":4,"26":4,"27":4,"29":4,"30":1,"31":1,"33":3,"34":3,"35":3,"36":3,"37":3,"38":3,"39":3,"40":3,"41":3,"42":3,"43":3,"44":3,"45":3,"46":4,"47":1,"48":1,"49":4,"50":4,"51":4,"52":4,"54":4,"55":4,"56":4,"57":12,"59":12,"60":1,"61":1,"62":1,"64":12,"65":1,"66":1,"68":12,"69":4,"70":4,"71":4,"72":4,"74":4,"75":12,"76":4,"77":4,"79":3,"80":3,"81":3,"82":3,"83":3,"84":3,"85":3,"86":3,"87":3,"88":3,"89":3,"91":3,"92":3,"94":3},"branchMap":{"0":{"type":"branch","line":16,"loc":{"start":{"line":16,"column":0},"end":{"line":95,"column":1}},"locations":[{"start":{"line":16,"column":0},"end":{"line":95,"column":1}}]},"1":{"type":"branch","line":65,"loc":{"start":{"line":65,"column":13},"end":{"line":67,"column":3}},"locations":[{"start":{"line":65,"column":13},"end":{"line":67,"column":3}}]},"2":{"type":"branch","line":67,"loc":{"start":{"line":67,"column":2},"end":{"line":69,"column":17}},"locations":[{"start":{"line":67,"column":2},"end":{"line":69,"column":17}}]},"3":{"type":"branch","line":69,"loc":{"start":{"line":69,"column":17},"end":{"line":75,"column":3}},"locations":[{"start":{"line":69,"column":17},"end":{"line":75,"column":3}}]},"4":{"type":"branch","line":75,"loc":{"start":{"line":75,"column":2},"end":{"line":76,"column":16}},"locations":[{"start":{"line":75,"column":2},"end":{"line":76,"column":16}}]},"5":{"type":"branch","line":76,"loc":{"start":{"line":76,"column":16},"end":{"line":78,"column":3}},"locations":[{"start":{"line":76,"column":16},"end":{"line":78,"column":3}}]},"6":{"type":"branch","line":78,"loc":{"start":{"line":78,"column":2},"end":{"line":95,"column":1}},"locations":[{"start":{"line":78,"column":2},"end":{"line":95,"column":1}}]},"7":{"type":"branch","line":24,"loc":{"start":{"line":24,"column":12},"end":{"line":58,"column":5}},"locations":[{"start":{"line":24,"column":12},"end":{"line":58,"column":5}}]},"8":{"type":"branch","line":25,"loc":{"start":{"line":25,"column":22},"end":{"line":53,"column":6}},"locations":[{"start":{"line":25,"column":22},"end":{"line":53,"column":6}}]},"9":{"type":"branch","line":30,"loc":{"start":{"line":30,"column":26},"end":{"line":32,"column":9}},"locations":[{"start":{"line":30,"column":26},"end":{"line":32,"column":9}}]},"10":{"type":"branch","line":32,"loc":{"start":{"line":32,"column":8},"end":{"line":47,"column":15}},"locations":[{"start":{"line":32,"column":8},"end":{"line":47,"column":15}}]},"11":{"type":"branch","line":47,"loc":{"start":{"line":47,"column":6},"end":{"line":50,"column":8}},"locations":[{"start":{"line":47,"column":6},"end":{"line":50,"column":8}}]},"12":{"type":"branch","line":60,"loc":{"start":{"line":60,"column":22},"end":{"line":63,"column":4}},"locations":[{"start":{"line":60,"column":22},"end":{"line":63,"column":4}}]}},"b":{"0":[12],"1":[1],"2":[11],"3":[4],"4":[7],"5":[4],"6":[3],"7":[4],"8":[4],"9":[1],"10":[3],"11":[1],"12":[1]},"fnMap":{"0":{"name":"ProfileDetail","decl":{"start":{"line":16,"column":0},"end":{"line":95,"column":1}},"loc":{"start":{"line":16,"column":0},"end":{"line":95,"column":1}},"line":16},"1":{"name":"fetchData","decl":{"start":{"line":25,"column":22},"end":{"line":53,"column":6}},"loc":{"start":{"line":25,"column":22},"end":{"line":53,"column":6}},"line":25},"2":{"name":"handleClose","decl":{"start":{"line":60,"column":22},"end":{"line":63,"column":4}},"loc":{"start":{"line":60,"column":22},"end":{"line":63,"column":4}},"line":60}},"f":{"0":12,"1":4,"2":1}}
,"/Users/minen/rss/src/components/SearchPage/SearchPage.tsx": {"path":"/Users/minen/rss/src/components/SearchPage/SearchPage.tsx","all":false,"statementMap":{"1":{"start":{"line":2,"column":0},"end":{"line":2,"column":57}},"2":{"start":{"line":3,"column":0},"end":{"line":3,"column":75}},"3":{"start":{"line":4,"column":0},"end":{"line":4,"column":38}},"4":{"start":{"line":5,"column":0},"end":{"line":5,"column":40}},"5":{"start":{"line":6,"column":0},"end":{"line":6,"column":48}},"6":{"start":{"line":7,"column":0},"end":{"line":7,"column":50}},"7":{"start":{"line":8,"column":0},"end":{"line":8,"column":60}},"9":{"start":{"line":10,"column":0},"end":{"line":10,"column":47}},"11":{"start":{"line":12,"column":0},"end":{"line":12,"column":36}},"12":{"start":{"line":13,"column":0},"end":{"line":13,"column":33}},"13":{"start":{"line":14,"column":0},"end":{"line":14,"column":33}},"14":{"start":{"line":15,"column":0},"end":{"line":15,"column":60}},"15":{"start":{"line":16,"column":0},"end":{"line":16,"column":75}},"16":{"start":{"line":17,"column":0},"end":{"line":17,"column":56}},"18":{"start":{"line":19,"column":0},"end":{"line":19,"column":57}},"19":{"start":{"line":20,"column":0},"end":{"line":20,"column":53}},"20":{"start":{"line":21,"column":0},"end":{"line":21,"column":72}},"21":{"start":{"line":22,"column":0},"end":{"line":22,"column":52}},"22":{"start":{"line":23,"column":0},"end":{"line":23,"column":56}},"23":{"start":{"line":24,"column":0},"end":{"line":24,"column":62}},"24":{"start":{"line":25,"column":0},"end":{"line":25,"column":38}},"25":{"start":{"line":26,"column":0},"end":{"line":26,"column":50}},"27":{"start":{"line":28,"column":0},"end":{"line":28,"column":78}},"28":{"start":{"line":29,"column":0},"end":{"line":29,"column":23}},"29":{"start":{"line":30,"column":0},"end":{"line":30,"column":9}},"30":{"start":{"line":31,"column":0},"end":{"line":31,"column":52}},"31":{"start":{"line":32,"column":0},"end":{"line":32,"column":54}},"32":{"start":{"line":33,"column":0},"end":{"line":33,"column":43}},"34":{"start":{"line":35,"column":0},"end":{"line":35,"column":59}},"35":{"start":{"line":36,"column":0},"end":{"line":36,"column":74}},"37":{"start":{"line":38,"column":0},"end":{"line":38,"column":71}},"38":{"start":{"line":39,"column":0},"end":{"line":39,"column":23}},"40":{"start":{"line":41,"column":0},"end":{"line":41,"column":40}},"42":{"start":{"line":43,"column":0},"end":{"line":43,"column":25}},"43":{"start":{"line":44,"column":0},"end":{"line":44,"column":77}},"44":{"start":{"line":45,"column":0},"end":{"line":45,"column":7}},"46":{"start":{"line":47,"column":0},"end":{"line":47,"column":41}},"47":{"start":{"line":48,"column":0},"end":{"line":48,"column":24}},"48":{"start":{"line":49,"column":0},"end":{"line":49,"column":31}},"49":{"start":{"line":50,"column":0},"end":{"line":50,"column":32}},"50":{"start":{"line":51,"column":0},"end":{"line":51,"column":28}},"51":{"start":{"line":52,"column":0},"end":{"line":52,"column":21}},"52":{"start":{"line":53,"column":0},"end":{"line":53,"column":21}},"53":{"start":{"line":54,"column":0},"end":{"line":54,"column":22}},"54":{"start":{"line":55,"column":0},"end":{"line":55,"column":66}},"55":{"start":{"line":56,"column":0},"end":{"line":56,"column":8}},"56":{"start":{"line":57,"column":0},"end":{"line":57,"column":15}},"57":{"start":{"line":58,"column":0},"end":{"line":58,"column":26}},"58":{"start":{"line":59,"column":0},"end":{"line":59,"column":5}},"59":{"start":{"line":60,"column":0},"end":{"line":60,"column":9}},"61":{"start":{"line":62,"column":0},"end":{"line":62,"column":19}},"62":{"start":{"line":63,"column":0},"end":{"line":63,"column":40}},"63":{"start":{"line":64,"column":0},"end":{"line":64,"column":31}},"65":{"start":{"line":66,"column":0},"end":{"line":66,"column":19}},"66":{"start":{"line":67,"column":0},"end":{"line":67,"column":56}},"67":{"start":{"line":68,"column":0},"end":{"line":68,"column":30}},"69":{"start":{"line":70,"column":0},"end":{"line":70,"column":41}},"70":{"start":{"line":71,"column":0},"end":{"line":71,"column":22}},"71":{"start":{"line":72,"column":0},"end":{"line":72,"column":30}},"72":{"start":{"line":73,"column":0},"end":{"line":73,"column":43}},"73":{"start":{"line":74,"column":0},"end":{"line":74,"column":4}},"75":{"start":{"line":76,"column":0},"end":{"line":76,"column":46}},"76":{"start":{"line":77,"column":0},"end":{"line":77,"column":25}},"77":{"start":{"line":78,"column":0},"end":{"line":78,"column":4}},"79":{"start":{"line":80,"column":0},"end":{"line":80,"column":20}},"80":{"start":{"line":81,"column":0},"end":{"line":81,"column":42}},"81":{"start":{"line":82,"column":0},"end":{"line":82,"column":3}},"83":{"start":{"line":84,"column":0},"end":{"line":84,"column":10}},"84":{"start":{"line":85,"column":0},"end":{"line":85,"column":31}},"85":{"start":{"line":86,"column":0},"end":{"line":86,"column":10}},"86":{"start":{"line":87,"column":0},"end":{"line":87,"column":16}},"87":{"start":{"line":88,"column":0},"end":{"line":88,"column":26}},"88":{"start":{"line":89,"column":0},"end":{"line":89,"column":31}},"89":{"start":{"line":90,"column":0},"end":{"line":90,"column":22}},"90":{"start":{"line":91,"column":0},"end":{"line":91,"column":10}},"92":{"start":{"line":93,"column":0},"end":{"line":93,"column":15}},"93":{"start":{"line":94,"column":0},"end":{"line":94,"column":35}},"94":{"start":{"line":95,"column":0},"end":{"line":95,"column":64}},"95":{"start":{"line":96,"column":0},"end":{"line":96,"column":50}},"96":{"start":{"line":97,"column":0},"end":{"line":97,"column":10}},"97":{"start":{"line":98,"column":0},"end":{"line":98,"column":60}},"98":{"start":{"line":99,"column":0},"end":{"line":99,"column":12}},"99":{"start":{"line":100,"column":0},"end":{"line":100,"column":31}},"100":{"start":{"line":101,"column":0},"end":{"line":101,"column":22}},"101":{"start":{"line":102,"column":0},"end":{"line":102,"column":14}},"102":{"start":{"line":103,"column":0},"end":{"line":103,"column":20}},"103":{"start":{"line":104,"column":0},"end":{"line":104,"column":29}},"104":{"start":{"line":105,"column":0},"end":{"line":105,"column":30}},"105":{"start":{"line":106,"column":0},"end":{"line":106,"column":39}},"106":{"start":{"line":107,"column":0},"end":{"line":107,"column":14}},"108":{"start":{"line":109,"column":0},"end":{"line":109,"column":72}},"109":{"start":{"line":110,"column":0},"end":{"line":110,"column":16}},"110":{"start":{"line":111,"column":0},"end":{"line":111,"column":28}},"111":{"start":{"line":112,"column":0},"end":{"line":112,"column":35}},"113":{"start":{"line":114,"column":0},"end":{"line":114,"column":40}},"115":{"start":{"line":116,"column":0},"end":{"line":116,"column":33}},"116":{"start":{"line":117,"column":0},"end":{"line":117,"column":12}},"117":{"start":{"line":118,"column":0},"end":{"line":118,"column":22}},"118":{"start":{"line":119,"column":0},"end":{"line":119,"column":19}},"119":{"start":{"line":120,"column":0},"end":{"line":120,"column":33}},"120":{"start":{"line":121,"column":0},"end":{"line":121,"column":37}},"121":{"start":{"line":122,"column":0},"end":{"line":122,"column":35}},"122":{"start":{"line":123,"column":0},"end":{"line":123,"column":45}},"123":{"start":{"line":124,"column":0},"end":{"line":124,"column":10}},"125":{"start":{"line":126,"column":0},"end":{"line":126,"column":10}},"127":{"start":{"line":128,"column":0},"end":{"line":128,"column":2}},"129":{"start":{"line":130,"column":0},"end":{"line":130,"column":26}}},"s":{"1":1,"2":1,"3":1,"4":1,"5":1,"6":1,"7":1,"9":1,"11":1,"12":12,"13":12,"14":12,"15":12,"16":12,"18":12,"19":12,"20":12,"21":12,"22":12,"23":12,"24":12,"25":12,"27":12,"28":3,"29":3,"30":3,"31":3,"32":3,"34":3,"35":3,"37":3,"38":3,"40":3,"42":3,"43":1,"44":1,"46":2,"47":2,"48":2,"49":2,"50":2,"51":3,"52":1,"53":1,"54":1,"55":1,"56":3,"57":3,"58":3,"59":12,"61":12,"62":3,"63":12,"65":12,"66":3,"67":12,"69":12,"70":0,"71":0,"72":0,"73":0,"75":12,"76":0,"77":0,"79":12,"80":0,"81":0,"83":11,"84":11,"85":11,"86":11,"87":11,"88":11,"89":11,"90":11,"92":11,"93":11,"94":11,"95":11,"96":11,"97":11,"98":11,"99":11,"100":11,"101":6,"102":6,"103":6,"104":6,"105":6,"106":6,"108":6,"109":6,"110":5,"111":1,"113":4,"115":12,"116":12,"117":12,"118":5,"119":5,"120":5,"121":5,"122":5,"123":5,"125":12,"127":12,"129":1},"branchMap":{"0":{"type":"branch","line":12,"loc":{"start":{"line":12,"column":29},"end":{"line":128,"column":2}},"locations":[{"start":{"line":12,"column":29},"end":{"line":128,"column":2}}]},"1":{"type":"branch","line":16,"loc":{"start":{"line":16,"column":61},"end":{"line":16,"column":71}},"locations":[{"start":{"line":16,"column":61},"end":{"line":16,"column":71}}]},"2":{"type":"branch","line":80,"loc":{"start":{"line":80,"column":19},"end":{"line":82,"column":3}},"locations":[{"start":{"line":80,"column":19},"end":{"line":82,"column":3}}]},"3":{"type":"branch","line":82,"loc":{"start":{"line":82,"column":2},"end":{"line":101,"column":22}},"locations":[{"start":{"line":82,"column":2},"end":{"line":101,"column":22}}]},"4":{"type":"branch","line":101,"loc":{"start":{"line":101,"column":9},"end":{"line":110,"column":16}},"locations":[{"start":{"line":101,"column":9},"end":{"line":110,"column":16}}]},"5":{"type":"branch","line":109,"loc":{"start":{"line":109,"column":22},"end":{"line":109,"column":53}},"locations":[{"start":{"line":109,"column":22},"end":{"line":109,"column":53}}]},"6":{"type":"branch","line":110,"loc":{"start":{"line":110,"column":10},"end":{"line":114,"column":40}},"locations":[{"start":{"line":110,"column":10},"end":{"line":114,"column":40}}]},"7":{"type":"branch","line":111,"loc":{"start":{"line":111,"column":12},"end":{"line":112,"column":35}},"locations":[{"start":{"line":111,"column":12},"end":{"line":112,"column":35}}]},"8":{"type":"branch","line":112,"loc":{"start":{"line":112,"column":29},"end":{"line":114,"column":40}},"locations":[{"start":{"line":112,"column":29},"end":{"line":114,"column":40}}]},"9":{"type":"branch","line":116,"loc":{"start":{"line":116,"column":9},"end":{"line":116,"column":33}},"locations":[{"start":{"line":116,"column":9},"end":{"line":116,"column":33}}]},"10":{"type":"branch","line":118,"loc":{"start":{"line":118,"column":8},"end":{"line":124,"column":10}},"locations":[{"start":{"line":118,"column":8},"end":{"line":124,"column":10}}]},"11":{"type":"branch","line":28,"loc":{"start":{"line":28,"column":32},"end":{"line":60,"column":5}},"locations":[{"start":{"line":28,"column":32},"end":{"line":60,"column":5}}]},"12":{"type":"branch","line":35,"loc":{"start":{"line":35,"column":20},"end":{"line":35,"column":59}},"locations":[{"start":{"line":35,"column":20},"end":{"line":35,"column":59}}]},"13":{"type":"branch","line":36,"loc":{"start":{"line":36,"column":30},"end":{"line":36,"column":74}},"locations":[{"start":{"line":36,"column":30},"end":{"line":36,"column":74}}]},"14":{"type":"branch","line":38,"loc":{"start":{"line":38,"column":34},"end":{"line":38,"column":63}},"locations":[{"start":{"line":38,"column":34},"end":{"line":38,"column":63}}]},"15":{"type":"branch","line":43,"loc":{"start":{"line":43,"column":24},"end":{"line":45,"column":7}},"locations":[{"start":{"line":43,"column":24},"end":{"line":45,"column":7}}]},"16":{"type":"branch","line":45,"loc":{"start":{"line":45,"column":6},"end":{"line":52,"column":13}},"locations":[{"start":{"line":45,"column":6},"end":{"line":52,"column":13}}]},"17":{"type":"branch","line":52,"loc":{"start":{"line":52,"column":4},"end":{"line":57,"column":6}},"locations":[{"start":{"line":52,"column":4},"end":{"line":57,"column":6}}]},"18":{"type":"branch","line":62,"loc":{"start":{"line":62,"column":12},"end":{"line":64,"column":5}},"locations":[{"start":{"line":62,"column":12},"end":{"line":64,"column":5}}]},"19":{"type":"branch","line":66,"loc":{"start":{"line":66,"column":12},"end":{"line":68,"column":5}},"locations":[{"start":{"line":66,"column":12},"end":{"line":68,"column":5}}]}},"b":{"0":[12],"1":[2],"2":[0],"3":[11],"4":[6],"5":[0],"6":[5],"7":[1],"8":[4],"9":[0],"10":[5],"11":[3],"12":[0],"13":[0],"14":[0],"15":[1],"16":[2],"17":[1],"18":[3],"19":[3]},"fnMap":{"0":{"name":"SearchPage","decl":{"start":{"line":12,"column":29},"end":{"line":128,"column":2}},"loc":{"start":{"line":12,"column":29},"end":{"line":128,"column":2}},"line":12},"1":{"name":"handleSearchButtonClick","decl":{"start":{"line":70,"column":34},"end":{"line":74,"column":4}},"loc":{"start":{"line":70,"column":34},"end":{"line":74,"column":4}},"line":70},"2":{"name":"handlePageChange","decl":{"start":{"line":76,"column":27},"end":{"line":78,"column":4}},"loc":{"start":{"line":76,"column":27},"end":{"line":78,"column":4}},"line":76},"3":{"name":"onSearchChange","decl":{"start":{"line":95,"column":26},"end":{"line":95,"column":64}},"loc":{"start":{"line":95,"column":26},"end":{"line":95,"column":64}},"line":95},"4":{"name":"onClick","decl":{"start":{"line":98,"column":30},"end":{"line":98,"column":58}},"loc":{"start":{"line":98,"column":30},"end":{"line":98,"column":58}},"line":98}},"f":{"0":12,"1":0,"2":0,"3":0,"4":0}}
,"/Users/minen/rss/src/components/common/ErrorBoundary.tsx": {"path":"/Users/minen/rss/src/components/common/ErrorBoundary.tsx","all":false,"statementMap":{"0":{"start":{"line":1,"column":0},"end":{"line":1,"column":41}},"3":{"start":{"line":4,"column":0},"end":{"line":4,"column":74}},"4":{"start":{"line":5,"column":0},"end":{"line":5,"column":31}},"5":{"start":{"line":6,"column":0},"end":{"line":6,"column":20}},"6":{"start":{"line":7,"column":0},"end":{"line":7,"column":4}},"8":{"start":{"line":9,"column":0},"end":{"line":9,"column":57}},"9":{"start":{"line":10,"column":0},"end":{"line":10,"column":30}},"10":{"start":{"line":11,"column":0},"end":{"line":11,"column":3}},"12":{"start":{"line":13,"column":0},"end":{"line":13,"column":69}},"13":{"start":{"line":14,"column":0},"end":{"line":14,"column":46}},"14":{"start":{"line":15,"column":0},"end":{"line":15,"column":3}},"16":{"start":{"line":17,"column":0},"end":{"line":17,"column":12}},"17":{"start":{"line":18,"column":0},"end":{"line":18,"column":30}},"18":{"start":{"line":19,"column":0},"end":{"line":19,"column":14}},"19":{"start":{"line":20,"column":0},"end":{"line":20,"column":13}},"20":{"start":{"line":21,"column":0},"end":{"line":21,"column":27}},"21":{"start":{"line":22,"column":0},"end":{"line":22,"column":28}},"22":{"start":{"line":23,"column":0},"end":{"line":23,"column":14}},"24":{"start":{"line":25,"column":0},"end":{"line":25,"column":5}},"25":{"start":{"line":26,"column":0},"end":{"line":26,"column":31}},"26":{"start":{"line":27,"column":0},"end":{"line":27,"column":3}},"27":{"start":{"line":28,"column":0},"end":{"line":28,"column":1}}},"s":{"0":1,"3":3,"4":3,"5":3,"6":3,"8":3,"9":2,"10":2,"12":3,"13":1,"14":1,"16":3,"17":5,"18":2,"19":2,"20":2,"21":2,"22":2,"24":2,"25":3,"26":5,"27":3},"branchMap":{"0":{"type":"branch","line":4,"loc":{"start":{"line":4,"column":0},"end":{"line":28,"column":1}},"locations":[{"start":{"line":4,"column":0},"end":{"line":28,"column":1}}]},"1":{"type":"branch","line":9,"loc":{"start":{"line":9,"column":9},"end":{"line":11,"column":3}},"locations":[{"start":{"line":9,"column":9},"end":{"line":11,"column":3}}]},"2":{"type":"branch","line":13,"loc":{"start":{"line":13,"column":2},"end":{"line":15,"column":3}},"locations":[{"start":{"line":13,"column":2},"end":{"line":15,"column":3}}]},"3":{"type":"branch","line":17,"loc":{"start":{"line":17,"column":2},"end":{"line":27,"column":3}},"locations":[{"start":{"line":17,"column":2},"end":{"line":27,"column":3}}]},"4":{"type":"branch","line":18,"loc":{"start":{"line":18,"column":29},"end":{"line":25,"column":5}},"locations":[{"start":{"line":18,"column":29},"end":{"line":25,"column":5}}]},"5":{"type":"branch","line":25,"loc":{"start":{"line":25,"column":4},"end":{"line":26,"column":31}},"locations":[{"start":{"line":25,"column":4},"end":{"line":26,"column":31}}]}},"b":{"0":[3],"1":[2],"2":[1],"3":[5],"4":[2],"5":[3]},"fnMap":{"0":{"name":"<instance_members_initializer>","decl":{"start":{"line":4,"column":0},"end":{"line":28,"column":1}},"loc":{"start":{"line":4,"column":0},"end":{"line":28,"column":1}},"line":4},"1":{"name":"getDerivedStateFromError","decl":{"start":{"line":9,"column":9},"end":{"line":11,"column":3}},"loc":{"start":{"line":9,"column":9},"end":{"line":11,"column":3}},"line":9},"2":{"name":"componentDidCatch","decl":{"start":{"line":13,"column":2},"end":{"line":15,"column":3}},"loc":{"start":{"line":13,"column":2},"end":{"line":15,"column":3}},"line":13},"3":{"name":"render","decl":{"start":{"line":17,"column":2},"end":{"line":27,"column":3}},"loc":{"start":{"line":17,"column":2},"end":{"line":27,"column":3}},"line":17}},"f":{"0":3,"1":2,"2":1,"3":5}}
,"/Users/minen/rss/src/components/common/ErrorButton.tsx": {"path":"/Users/minen/rss/src/components/common/ErrorButton.tsx","all":false,"statementMap":{"2":{"start":{"line":3,"column":0},"end":{"line":3,"column":50}},"3":{"start":{"line":4,"column":0},"end":{"line":4,"column":10}},"4":{"start":{"line":5,"column":0},"end":{"line":5,"column":25}},"5":{"start":{"line":6,"column":0},"end":{"line":6,"column":10}},"6":{"start":{"line":7,"column":0},"end":{"line":7,"column":55}},"8":{"start":{"line":9,"column":0},"end":{"line":9,"column":13}},"10":{"start":{"line":11,"column":0},"end":{"line":11,"column":2}},"12":{"start":{"line":13,"column":0},"end":{"line":13,"column":27}}},"s":{"2":1,"3":11,"4":11,"5":11,"6":11,"8":11,"10":11,"12":1},"branchMap":{"0":{"type":"branch","line":3,"loc":{"start":{"line":3,"column":48},"end":{"line":11,"column":2}},"locations":[{"start":{"line":3,"column":48},"end":{"line":11,"column":2}}]}},"b":{"0":[11]},"fnMap":{"0":{"name":"ErrorButton","decl":{"start":{"line":3,"column":48},"end":{"line":11,"column":2}},"loc":{"start":{"line":3,"column":48},"end":{"line":11,"column":2}},"line":3}},"f":{"0":11}}
}
